# JRE version: Java(TM) SE Runtime Environment (8.0_60-b27) (build 1.8.0_60-b27)
# Java VM: Java HotSpot(TM) 64-Bit Server VM (25.60-b23 mixed mode windows-amd64 compressed oops)
Heap:
 PSYoungGen      total 232960K, used 114967K [0x00000000eab00000, 0x0000000100000000, 0x0000000100000000)
  eden space 116736K, 82% used [0x00000000eab00000,0x00000000f096ba10,0x00000000f1d00000)
  from space 116224K, 15% used [0x00000000f1d00000,0x00000000f2eda448,0x00000000f8e80000)
  to   space 116224K, 0% used [0x00000000f8e80000,0x00000000f8e80000,0x0000000100000000)
 ParOldGen       total 497664K, used 357265K [0x00000000c0000000, 0x00000000de600000, 0x00000000eab00000)
  object space 497664K, 71% used [0x00000000c0000000,0x00000000d5ce46e8,0x00000000de600000)
 Metaspace       used 6701K, capacity 7320K, committed 7680K, reserved 1056768K
  class space    used 629K, capacity 656K, committed 768K, reserved 1048576K
GC Heap History (10 events):
Event: 24.133 GC heap before
{Heap before GC invocations=18 (full 2):
 PSYoungGen      total 232960K, used 225480K [0x00000000eab00000, 0x0000000100000000, 0x0000000100000000)
  eden space 116736K, 100% used [0x00000000eab00000,0x00000000f1d00000,0x00000000f1d00000)
  from space 116224K, 93% used [0x00000000f1d00000,0x00000000f8732130,0x00000000f8e80000)
  to   space 116224K, 0% used [0x00000000f8e80000,0x00000000f8e80000,0x0000000100000000)
 ParOldGen       total 310784K, used 199093K [0x00000000c0000000, 0x00000000d2f80000, 0x00000000eab00000)
  object space 310784K, 64% used [0x00000000c0000000,0x00000000cc26d758,0x00000000d2f80000)
 Metaspace       used 6697K, capacity 7320K, committed 7680K, reserved 1056768K
  class space    used 628K, capacity 656K, committed 768K, reserved 1048576K
Event: 24.423 GC heap after
Heap after GC invocations=18 (full 2):
 PSYoungGen      total 232960K, used 83091K [0x00000000eab00000, 0x0000000100000000, 0x0000000100000000)
  eden space 116736K, 0% used [0x00000000eab00000,0x00000000eab00000,0x00000000f1d00000)
  from space 116224K, 71% used [0x00000000f8e80000,0x00000000fdfa4f00,0x0000000100000000)
  to   space 116224K, 0% used [0x00000000f1d00000,0x00000000f1d00000,0x00000000f8e80000)
 ParOldGen       total 310784K, used 244517K [0x00000000c0000000, 0x00000000d2f80000, 0x00000000eab00000)
  object space 310784K, 78% used [0x00000000c0000000,0x00000000ceec95f0,0x00000000d2f80000)
 Metaspace       used 6697K, capacity 7320K, committed 7680K, reserved 1056768K
  class space    used 628K, capacity 656K, committed 768K, reserved 1048576K
}
Event: 25.066 GC heap before
{Heap before GC invocations=19 (full 2):
 PSYoungGen      total 232960K, used 199827K [0x00000000eab00000, 0x0000000100000000, 0x0000000100000000)
  eden space 116736K, 100% used [0x00000000eab00000,0x00000000f1d00000,0x00000000f1d00000)
  from space 116224K, 71% used [0x00000000f8e80000,0x00000000fdfa4f00,0x0000000100000000)
  to   space 116224K, 0% used [0x00000000f1d00000,0x00000000f1d00000,0x00000000f8e80000)
 ParOldGen       total 310784K, used 244517K [0x00000000c0000000, 0x00000000d2f80000, 0x00000000eab00000)
  object space 310784K, 78% used [0x00000000c0000000,0x00000000ceec95f0,0x00000000d2f80000)
 Metaspace       used 6699K, capacity 7320K, committed 7680K, reserved 1056768K
  class space    used 628K, capacity 656K, committed 768K, reserved 1048576K
Event: 25.261 GC heap after
Heap after GC invocations=19 (full 2):
 PSYoungGen      total 232960K, used 55526K [0x00000000eab00000, 0x0000000100000000, 0x0000000100000000)
  eden space 116736K, 0% used [0x00000000eab00000,0x00000000eab00000,0x00000000f1d00000)
  from space 116224K, 47% used [0x00000000f1d00000,0x00000000f5339a68,0x00000000f8e80000)
  to   space 116224K, 0% used [0x00000000f8e80000,0x00000000f8e80000,0x0000000100000000)
 ParOldGen       total 310784K, used 289453K [0x00000000c0000000, 0x00000000d2f80000, 0x00000000eab00000)
  object space 310784K, 93% used [0x00000000c0000000,0x00000000d1aab618,0x00000000d2f80000)
 Metaspace       used 6699K, capacity 7320K, committed 7680K, reserved 1056768K
  class space    used 628K, capacity 656K, committed 768K, reserved 1048576K
}
Event: 25.261 GC heap before
{Heap before GC invocations=20 (full 3):
 PSYoungGen      total 232960K, used 55526K [0x00000000eab00000, 0x0000000100000000, 0x0000000100000000)
  eden space 116736K, 0% used [0x00000000eab00000,0x00000000eab00000,0x00000000f1d00000)
  from space 116224K, 47% used [0x00000000f1d00000,0x00000000f5339a68,0x00000000f8e80000)
  to   space 116224K, 0% used [0x00000000f8e80000,0x00000000f8e80000,0x0000000100000000)
 ParOldGen       total 310784K, used 289453K [0x00000000c0000000, 0x00000000d2f80000, 0x00000000eab00000)
  object space 310784K, 93% used [0x00000000c0000000,0x00000000d1aab618,0x00000000d2f80000)
 Metaspace       used 6699K, capacity 7320K, committed 7680K, reserved 1056768K
  class space    used 628K, capacity 656K, committed 768K, reserved 1048576K
Event: 28.270 GC heap after
Heap after GC invocations=20 (full 3):
 PSYoungGen      total 232960K, used 29216K [0x00000000eab00000, 0x0000000100000000, 0x0000000100000000)
  eden space 116736K, 0% used [0x00000000eab00000,0x00000000eab00000,0x00000000f1d00000)
  from space 116224K, 25% used [0x00000000f1d00000,0x00000000f3988008,0x00000000f8e80000)
  to   space 116224K, 0% used [0x00000000f8e80000,0x00000000f8e80000,0x0000000100000000)
 ParOldGen       total 497664K, used 310611K [0x00000000c0000000, 0x00000000de600000, 0x00000000eab00000)
  object space 497664K, 62% used [0x00000000c0000000,0x00000000d2f54e68,0x00000000de600000)
 Metaspace       used 6699K, capacity 7320K, committed 7680K, reserved 1056768K
  class space    used 628K, capacity 656K, committed 768K, reserved 1048576K
}
Event: 28.701 GC heap before
{Heap before GC invocations=21 (full 3):
 PSYoungGen      total 232960K, used 145952K [0x00000000eab00000, 0x0000000100000000, 0x0000000100000000)
  eden space 116736K, 100% used [0x00000000eab00000,0x00000000f1d00000,0x00000000f1d00000)
  from space 116224K, 25% used [0x00000000f1d00000,0x00000000f3988008,0x00000000f8e80000)
  to   space 116224K, 0% used [0x00000000f8e80000,0x00000000f8e80000,0x0000000100000000)
 ParOldGen       total 497664K, used 310611K [0x00000000c0000000, 0x00000000de600000, 0x00000000eab00000)
  object space 497664K, 62% used [0x00000000c0000000,0x00000000d2f54e68,0x00000000de600000)
 Metaspace       used 6699K, capacity 7320K, committed 7680K, reserved 1056768K
  class space    used 628K, capacity 656K, committed 768K, reserved 1048576K
Event: 28.924 GC heap after
Heap after GC invocations=21 (full 3):
 PSYoungGen      total 232960K, used 24660K [0x00000000eab00000, 0x0000000100000000, 0x0000000100000000)
  eden space 116736K, 0% used [0x00000000eab00000,0x00000000eab00000,0x00000000f1d00000)
  from space 116224K, 21% used [0x00000000f8e80000,0x00000000fa695098,0x0000000100000000)
  to   space 116224K, 0% used [0x00000000f1d00000,0x00000000f1d00000,0x00000000f8e80000)
 ParOldGen       total 497664K, used 333523K [0x00000000c0000000, 0x00000000de600000, 0x00000000eab00000)
  object space 497664K, 67% used [0x00000000c0000000,0x00000000d45b4d08,0x00000000de600000)
 Metaspace       used 6699K, capacity 7320K, committed 7680K, reserved 1056768K
  class space    used 628K, capacity 656K, committed 768K, reserved 1048576K
}
Event: 29.375 GC heap before
{Heap before GC invocations=22 (full 3):
 PSYoungGen      total 232960K, used 141396K [0x00000000eab00000, 0x0000000100000000, 0x0000000100000000)
  eden space 116736K, 100% used [0x00000000eab00000,0x00000000f1d00000,0x00000000f1d00000)
  from space 116224K, 21% used [0x00000000f8e80000,0x00000000fa695098,0x0000000100000000)
  to   space 116224K, 0% used [0x00000000f1d00000,0x00000000f1d00000,0x00000000f8e80000)
 ParOldGen       total 497664K, used 333523K [0x00000000c0000000, 0x00000000de600000, 0x00000000eab00000)
  object space 497664K, 67% used [0x00000000c0000000,0x00000000d45b4d08,0x00000000de600000)
 Metaspace       used 6701K, capacity 7320K, committed 7680K, reserved 1056768K
  class space    used 629K, capacity 656K, committed 768K, reserved 1048576K
Event: 29.490 GC heap after
Heap after GC invocations=22 (full 3):
 PSYoungGen      total 232960K, used 18281K [0x00000000eab00000, 0x0000000100000000, 0x0000000100000000)
  eden space 116736K, 0% used [0x00000000eab00000,0x00000000eab00000,0x00000000f1d00000)
  from space 116224K, 15% used [0x00000000f1d00000,0x00000000f2eda448,0x00000000f8e80000)
  to   space 116224K, 0% used [0x00000000f8e80000,0x00000000f8e80000,0x0000000100000000)
 ParOldGen       total 497664K, used 357265K [0x00000000c0000000, 0x00000000de600000, 0x00000000eab00000)
  object space 497664K, 71% used [0x00000000c0000000,0x00000000d5ce46e8,0x00000000de600000)
 Metaspace       used 6701K, capacity 7320K, committed 7680K, reserved 1056768K
  class space    used 629K, capacity 656K, committed 768K, reserved 1048576K
}

