# JRE version: Java(TM) SE Runtime Environment (8.0_60-b27) (build 1.8.0_60-b27)
# Java VM: Java HotSpot(TM) 64-Bit Server VM (25.60-b23 mixed mode windows-amd64 compressed oops)
Heap:
 PSYoungGen      total 217088K, used 156685K [0x00000000eab00000, 0x0000000100000000, 0x0000000100000000)
  eden space 157696K, 88% used [0x00000000eab00000,0x00000000f340e078,0x00000000f4500000)
  from space 59392K, 27% used [0x00000000fc600000,0x00000000fd5f5718,0x0000000100000000)
  to   space 95744K, 0% used [0x00000000f4500000,0x00000000f4500000,0x00000000fa280000)
 ParOldGen       total 308224K, used 173960K [0x00000000c0000000, 0x00000000d2d00000, 0x00000000eab00000)
  object space 308224K, 56% used [0x00000000c0000000,0x00000000ca9e23c0,0x00000000d2d00000)
 Metaspace       used 6665K, capacity 7320K, committed 7680K, reserved 1056768K
  class space    used 628K, capacity 656K, committed 768K, reserved 1048576K
GC Heap History (10 events):
Event: 6.209 GC heap before
{Heap before GC invocations=8 (full 1):
 PSYoungGen      total 294912K, used 33248K [0x00000000eab00000, 0x0000000100000000, 0x0000000100000000)
  eden space 261632K, 0% used [0x00000000eab00000,0x00000000eab00000,0x00000000faa80000)
  from space 33280K, 99% used [0x00000000faa80000,0x00000000fcaf81b8,0x00000000fcb00000)
  to   space 54272K, 0% used [0x00000000fcb00000,0x00000000fcb00000,0x0000000100000000)
 ParOldGen       total 87552K, used 66697K [0x00000000c0000000, 0x00000000c5580000, 0x00000000eab00000)
  object space 87552K, 76% used [0x00000000c0000000,0x00000000c4122430,0x00000000c5580000)
 Metaspace       used 6630K, capacity 7320K, committed 7680K, reserved 1056768K
  class space    used 628K, capacity 656K, committed 768K, reserved 1048576K
Event: 7.410 GC heap after
Heap after GC invocations=8 (full 1):
 PSYoungGen      total 294912K, used 8130K [0x00000000eab00000, 0x0000000100000000, 0x0000000100000000)
  eden space 261632K, 0% used [0x00000000eab00000,0x00000000eab00000,0x00000000faa80000)
  from space 33280K, 24% used [0x00000000faa80000,0x00000000fb270a80,0x00000000fcb00000)
  to   space 54272K, 0% used [0x00000000fcb00000,0x00000000fcb00000,0x0000000100000000)
 ParOldGen       total 174080K, used 87429K [0x00000000c0000000, 0x00000000caa00000, 0x00000000eab00000)
  object space 174080K, 50% used [0x00000000c0000000,0x00000000c5561658,0x00000000caa00000)
 Metaspace       used 6630K, capacity 7320K, committed 7680K, reserved 1056768K
  class space    used 628K, capacity 656K, committed 768K, reserved 1048576K
}
Event: 8.678 GC heap before
{Heap before GC invocations=9 (full 1):
 PSYoungGen      total 294912K, used 269762K [0x00000000eab00000, 0x0000000100000000, 0x0000000100000000)
  eden space 261632K, 100% used [0x00000000eab00000,0x00000000faa80000,0x00000000faa80000)
  from space 33280K, 24% used [0x00000000faa80000,0x00000000fb270a80,0x00000000fcb00000)
  to   space 54272K, 0% used [0x00000000fcb00000,0x00000000fcb00000,0x0000000100000000)
 ParOldGen       total 174080K, used 87429K [0x00000000c0000000, 0x00000000caa00000, 0x00000000eab00000)
  object space 174080K, 50% used [0x00000000c0000000,0x00000000c5561658,0x00000000caa00000)
 Metaspace       used 6647K, capacity 7320K, committed 7680K, reserved 1056768K
  class space    used 628K, capacity 656K, committed 768K, reserved 1048576K
Event: 8.826 GC heap after
Heap after GC invocations=9 (full 1):
 PSYoungGen      total 284672K, used 40231K [0x00000000eab00000, 0x0000000100000000, 0x0000000100000000)
  eden space 230400K, 0% used [0x00000000eab00000,0x00000000eab00000,0x00000000f8c00000)
  from space 54272K, 74% used [0x00000000fcb00000,0x00000000ff249d50,0x0000000100000000)
  to   space 59392K, 0% used [0x00000000f8c00000,0x00000000f8c00000,0x00000000fc600000)
 ParOldGen       total 174080K, used 87429K [0x00000000c0000000, 0x00000000caa00000, 0x00000000eab00000)
  object space 174080K, 50% used [0x00000000c0000000,0x00000000c5561658,0x00000000caa00000)
 Metaspace       used 6647K, capacity 7320K, committed 7680K, reserved 1056768K
  class space    used 628K, capacity 656K, committed 768K, reserved 1048576K
}
Event: 10.090 GC heap before
{Heap before GC invocations=10 (full 1):
 PSYoungGen      total 284672K, used 270631K [0x00000000eab00000, 0x0000000100000000, 0x0000000100000000)
  eden space 230400K, 100% used [0x00000000eab00000,0x00000000f8c00000,0x00000000f8c00000)
  from space 54272K, 74% used [0x00000000fcb00000,0x00000000ff249d50,0x0000000100000000)
  to   space 59392K, 0% used [0x00000000f8c00000,0x00000000f8c00000,0x00000000fc600000)
 ParOldGen       total 174080K, used 87429K [0x00000000c0000000, 0x00000000caa00000, 0x00000000eab00000)
  object space 174080K, 50% used [0x00000000c0000000,0x00000000c5561658,0x00000000caa00000)
 Metaspace       used 6651K, capacity 7320K, committed 7680K, reserved 1056768K
  class space    used 628K, capacity 656K, committed 768K, reserved 1048576K
Event: 10.233 GC heap after
Heap after GC invocations=10 (full 1):
 PSYoungGen      total 289792K, used 59365K [0x00000000eab00000, 0x0000000100000000, 0x0000000100000000)
  eden space 230400K, 0% used [0x00000000eab00000,0x00000000eab00000,0x00000000f8c00000)
  from space 59392K, 99% used [0x00000000f8c00000,0x00000000fc5f9720,0x00000000fc600000)
  to   space 59392K, 0% used [0x00000000fc600000,0x00000000fc600000,0x0000000100000000)
 ParOldGen       total 174080K, used 103939K [0x00000000c0000000, 0x00000000caa00000, 0x00000000eab00000)
  object space 174080K, 59% used [0x00000000c0000000,0x00000000c6580d58,0x00000000caa00000)
 Metaspace       used 6651K, capacity 7320K, committed 7680K, reserved 1056768K
  class space    used 628K, capacity 656K, committed 768K, reserved 1048576K
}
Event: 11.455 GC heap before
{Heap before GC invocations=11 (full 1):
 PSYoungGen      total 289792K, used 289765K [0x00000000eab00000, 0x0000000100000000, 0x0000000100000000)
  eden space 230400K, 100% used [0x00000000eab00000,0x00000000f8c00000,0x00000000f8c00000)
  from space 59392K, 99% used [0x00000000f8c00000,0x00000000fc5f9720,0x00000000fc600000)
  to   space 59392K, 0% used [0x00000000fc600000,0x00000000fc600000,0x0000000100000000)
 ParOldGen       total 174080K, used 103939K [0x00000000c0000000, 0x00000000caa00000, 0x00000000eab00000)
  object space 174080K, 59% used [0x00000000c0000000,0x00000000c6580d58,0x00000000caa00000)
 Metaspace       used 6661K, capacity 7320K, committed 7680K, reserved 1056768K
  class space    used 628K, capacity 656K, committed 768K, reserved 1048576K
Event: 11.704 GC heap after
Heap after GC invocations=11 (full 1):
 PSYoungGen      total 217088K, used 59390K [0x00000000eab00000, 0x0000000100000000, 0x0000000100000000)
  eden space 157696K, 0% used [0x00000000eab00000,0x00000000eab00000,0x00000000f4500000)
  from space 59392K, 99% used [0x00000000fc600000,0x00000000fffff950,0x0000000100000000)
  to   space 95744K, 0% used [0x00000000f4500000,0x00000000f4500000,0x00000000fa280000)
 ParOldGen       total 174080K, used 137954K [0x00000000c0000000, 0x00000000caa00000, 0x00000000eab00000)
  object space 174080K, 79% used [0x00000000c0000000,0x00000000c86b8a38,0x00000000caa00000)
 Metaspace       used 6661K, capacity 7320K, committed 7680K, reserved 1056768K
  class space    used 628K, capacity 656K, committed 768K, reserved 1048576K
}
Event: 11.704 GC heap before
{Heap before GC invocations=12 (full 2):
 PSYoungGen      total 217088K, used 59390K [0x00000000eab00000, 0x0000000100000000, 0x0000000100000000)
  eden space 157696K, 0% used [0x00000000eab00000,0x00000000eab00000,0x00000000f4500000)
  from space 59392K, 99% used [0x00000000fc600000,0x00000000fffff950,0x0000000100000000)
  to   space 95744K, 0% used [0x00000000f4500000,0x00000000f4500000,0x00000000fa280000)
 ParOldGen       total 174080K, used 137954K [0x00000000c0000000, 0x00000000caa00000, 0x00000000eab00000)
  object space 174080K, 79% used [0x00000000c0000000,0x00000000c86b8a38,0x00000000caa00000)
 Metaspace       used 6661K, capacity 7320K, committed 7680K, reserved 1056768K
  class space    used 628K, capacity 656K, committed 768K, reserved 1048576K
Event: 13.593 GC heap after
Heap after GC invocations=12 (full 2):
 PSYoungGen      total 217088K, used 16341K [0x00000000eab00000, 0x0000000100000000, 0x0000000100000000)
  eden space 157696K, 0% used [0x00000000eab00000,0x00000000eab00000,0x00000000f4500000)
  from space 59392K, 27% used [0x00000000fc600000,0x00000000fd5f5718,0x0000000100000000)
  to   space 95744K, 0% used [0x00000000f4500000,0x00000000f4500000,0x00000000fa280000)
 ParOldGen       total 308224K, used 173960K [0x00000000c0000000, 0x00000000d2d00000, 0x00000000eab00000)
  object space 308224K, 56% used [0x00000000c0000000,0x00000000ca9e23c0,0x00000000d2d00000)
 Metaspace       used 6661K, capacity 7320K, committed 7680K, reserved 1056768K
  class space    used 628K, capacity 656K, committed 768K, reserved 1048576K
}

